[35m[1mConsolidate compiler generated dependencies of target gtest_main[0m
[  7%] [32mBuilding CXX object CMakeFiles/usb_cam_node_exe.dir/rclcpp_components/node_main_usb_cam_node_exe.cpp.o[0m
[ 14%] [32mBuilding CXX object gtest/CMakeFiles/gtest.dir/src/gtest-all.cc.o[0m
[ 21%] [32mBuilding CXX object CMakeFiles/usb_cam.dir/src/usb_cam.cpp.o[0m
[ 35%] Built target gtest_main
[ 42%] [32m[1mLinking CXX shared library libusb_cam.so[0m
[ 42%] Built target usb_cam
[ 50%] [32mBuilding CXX object CMakeFiles/usb_cam_node.dir/src/usb_cam_node.cpp.o[0m
[ 57%] [32m[1mLinking CXX static library libgtest.a[0m
[ 57%] Built target gtest
[ 64%] [32mBuilding CXX object CMakeFiles/test_usb_cam_utils.dir/test/test_usb_cam_utils.cpp.o[0m
[ 71%] [32mBuilding CXX object CMakeFiles/test_pixel_formats.dir/test/test_pixel_formats.cpp.o[0m
[ 78%] [32m[1mLinking CXX executable test_usb_cam_utils[0m
[ 85%] [32m[1mLinking CXX executable usb_cam_node_exe[0m
[ 85%] Built target test_usb_cam_utils
[ 85%] Built target usb_cam_node_exe
[ 92%] [32m[1mLinking CXX executable test_pixel_formats[0m
[ 92%] Built target test_pixel_formats
[100%] [32m[1mLinking CXX shared library libusb_cam_node.so[0m
[100%] Built target usb_cam_node
-- Install configuration: ""
-- Installing: /home/ben/mp3_ros2_ws/src/AprilTag-ROS-2/install/usb_cam/share/usb_cam/environment/library_path.sh
-- Installing: /home/ben/mp3_ros2_ws/src/AprilTag-ROS-2/install/usb_cam/share/usb_cam/environment/library_path.dsv
-- Installing: /home/ben/mp3_ros2_ws/src/AprilTag-ROS-2/install/usb_cam/lib/usb_cam/usb_cam_node_exe
-- Set runtime path of "/home/ben/mp3_ros2_ws/src/AprilTag-ROS-2/install/usb_cam/lib/usb_cam/usb_cam_node_exe" to ""
-- Installing: /home/ben/mp3_ros2_ws/src/AprilTag-ROS-2/install/usb_cam/lib/usb_cam/show_image.py
-- Installing: /home/ben/mp3_ros2_ws/src/AprilTag-ROS-2/install/usb_cam/lib/libusb_cam.so
-- Installing: /home/ben/mp3_ros2_ws/src/AprilTag-ROS-2/install/usb_cam/lib/libusb_cam_node.so
-- Set runtime path of "/home/ben/mp3_ros2_ws/src/AprilTag-ROS-2/install/usb_cam/lib/libusb_cam_node.so" to ""
-- Installing: /home/ben/mp3_ros2_ws/src/AprilTag-ROS-2/install/usb_cam/include
-- Installing: /home/ben/mp3_ros2_ws/src/AprilTag-ROS-2/install/usb_cam/include/usb_cam
-- Installing: /home/ben/mp3_ros2_ws/src/AprilTag-ROS-2/install/usb_cam/include/usb_cam/utils.hpp
-- Installing: /home/ben/mp3_ros2_ws/src/AprilTag-ROS-2/install/usb_cam/include/usb_cam/constants.hpp
-- Installing: /home/ben/mp3_ros2_ws/src/AprilTag-ROS-2/install/usb_cam/include/usb_cam/usb_cam.hpp
-- Installing: /home/ben/mp3_ros2_ws/src/AprilTag-ROS-2/install/usb_cam/include/usb_cam/conversions.hpp
-- Installing: /home/ben/mp3_ros2_ws/src/AprilTag-ROS-2/install/usb_cam/include/usb_cam/usb_cam_node.hpp
-- Installing: /home/ben/mp3_ros2_ws/src/AprilTag-ROS-2/install/usb_cam/include/usb_cam/formats
-- Installing: /home/ben/mp3_ros2_ws/src/AprilTag-ROS-2/install/usb_cam/include/usb_cam/formats/utils.hpp
-- Installing: /home/ben/mp3_ros2_ws/src/AprilTag-ROS-2/install/usb_cam/include/usb_cam/formats/mono.hpp
-- Installing: /home/ben/mp3_ros2_ws/src/AprilTag-ROS-2/install/usb_cam/include/usb_cam/formats/m420.hpp
-- Installing: /home/ben/mp3_ros2_ws/src/AprilTag-ROS-2/install/usb_cam/include/usb_cam/formats/yuyv.hpp
-- Installing: /home/ben/mp3_ros2_ws/src/AprilTag-ROS-2/install/usb_cam/include/usb_cam/formats/uyvy.hpp
-- Installing: /home/ben/mp3_ros2_ws/src/AprilTag-ROS-2/install/usb_cam/include/usb_cam/formats/pixel_format_base.hpp
-- Installing: /home/ben/mp3_ros2_ws/src/AprilTag-ROS-2/install/usb_cam/include/usb_cam/formats/mjpeg.hpp
-- Installing: /home/ben/mp3_ros2_ws/src/AprilTag-ROS-2/install/usb_cam/include/usb_cam/formats/rgb.hpp
-- Up-to-date: /home/ben/mp3_ros2_ws/src/AprilTag-ROS-2/install/usb_cam/lib/libusb_cam_node.so
-- Installing: /home/ben/mp3_ros2_ws/src/AprilTag-ROS-2/install/usb_cam/share/usb_cam/launch
-- Installing: /home/ben/mp3_ros2_ws/src/AprilTag-ROS-2/install/usb_cam/share/usb_cam/launch/camera_config.py
-- Installing: /home/ben/mp3_ros2_ws/src/AprilTag-ROS-2/install/usb_cam/share/usb_cam/launch/camera.launch.py
-- Installing: /home/ben/mp3_ros2_ws/src/AprilTag-ROS-2/install/usb_cam/share/usb_cam/launch/__init__.py
-- Installing: /home/ben/mp3_ros2_ws/src/AprilTag-ROS-2/install/usb_cam/share/usb_cam/config
-- Installing: /home/ben/mp3_ros2_ws/src/AprilTag-ROS-2/install/usb_cam/share/usb_cam/config/camera_info.yaml
-- Installing: /home/ben/mp3_ros2_ws/src/AprilTag-ROS-2/install/usb_cam/share/usb_cam/config/params_2.yaml
-- Installing: /home/ben/mp3_ros2_ws/src/AprilTag-ROS-2/install/usb_cam/share/usb_cam/config/params_1.yaml
-- Installing: /home/ben/mp3_ros2_ws/src/AprilTag-ROS-2/install/usb_cam/share/usb_cam/config/camera_params.yaml
-- Installing: /home/ben/mp3_ros2_ws/src/AprilTag-ROS-2/install/usb_cam/share/ament_index/resource_index/package_run_dependencies/usb_cam
-- Installing: /home/ben/mp3_ros2_ws/src/AprilTag-ROS-2/install/usb_cam/share/ament_index/resource_index/parent_prefix_path/usb_cam
-- Installing: /home/ben/mp3_ros2_ws/src/AprilTag-ROS-2/install/usb_cam/share/usb_cam/environment/ament_prefix_path.sh
-- Installing: /home/ben/mp3_ros2_ws/src/AprilTag-ROS-2/install/usb_cam/share/usb_cam/environment/ament_prefix_path.dsv
-- Installing: /home/ben/mp3_ros2_ws/src/AprilTag-ROS-2/install/usb_cam/share/usb_cam/environment/path.sh
-- Installing: /home/ben/mp3_ros2_ws/src/AprilTag-ROS-2/install/usb_cam/share/usb_cam/environment/path.dsv
-- Installing: /home/ben/mp3_ros2_ws/src/AprilTag-ROS-2/install/usb_cam/share/usb_cam/local_setup.bash
-- Installing: /home/ben/mp3_ros2_ws/src/AprilTag-ROS-2/install/usb_cam/share/usb_cam/local_setup.sh
-- Installing: /home/ben/mp3_ros2_ws/src/AprilTag-ROS-2/install/usb_cam/share/usb_cam/local_setup.zsh
-- Installing: /home/ben/mp3_ros2_ws/src/AprilTag-ROS-2/install/usb_cam/share/usb_cam/local_setup.dsv
-- Installing: /home/ben/mp3_ros2_ws/src/AprilTag-ROS-2/install/usb_cam/share/usb_cam/package.dsv
-- Installing: /home/ben/mp3_ros2_ws/src/AprilTag-ROS-2/install/usb_cam/share/ament_index/resource_index/packages/usb_cam
-- Installing: /home/ben/mp3_ros2_ws/src/AprilTag-ROS-2/install/usb_cam/share/ament_index/resource_index/rclcpp_components/usb_cam
-- Installing: /home/ben/mp3_ros2_ws/src/AprilTag-ROS-2/install/usb_cam/share/usb_cam/cmake/ament_cmake_export_libraries-extras.cmake
-- Installing: /home/ben/mp3_ros2_ws/src/AprilTag-ROS-2/install/usb_cam/share/usb_cam/cmake/ament_cmake_export_dependencies-extras.cmake
-- Installing: /home/ben/mp3_ros2_ws/src/AprilTag-ROS-2/install/usb_cam/share/usb_cam/cmake/ament_cmake_export_include_directories-extras.cmake
-- Installing: /home/ben/mp3_ros2_ws/src/AprilTag-ROS-2/install/usb_cam/share/usb_cam/cmake/usb_camConfig.cmake
-- Installing: /home/ben/mp3_ros2_ws/src/AprilTag-ROS-2/install/usb_cam/share/usb_cam/cmake/usb_camConfig-version.cmake
-- Installing: /home/ben/mp3_ros2_ws/src/AprilTag-ROS-2/install/usb_cam/share/usb_cam/package.xml
Traceback (most recent call last):
  File "/usr/lib/python3/dist-packages/colcon_parallel_executor/executor/parallel.py", line 67, in execute
    loop.run_until_complete(future)
  File "/usr/lib/python3.10/asyncio/base_events.py", line 636, in run_until_complete
    self.run_forever()
  File "/usr/lib/python3.10/asyncio/base_events.py", line 603, in run_forever
    self._run_once()
  File "/usr/lib/python3.10/asyncio/base_events.py", line 1871, in _run_once
    event_list = self._selector.select(timeout)
  File "/usr/lib/python3.10/selectors.py", line 469, in select
    fd_event_list = self._selector.poll(timeout, max_ev)
KeyboardInterrupt

During handling of the above exception, another exception occurred:

Traceback (most recent call last):
  File "/usr/lib/python3/dist-packages/colcon_core/executor/__init__.py", line 91, in __call__
    rc = await self.task(*args, **kwargs)
  File "/usr/lib/python3/dist-packages/colcon_core/task/__init__.py", line 93, in __call__
    return await task_method(*args, **kwargs)
  File "/usr/lib/python3/dist-packages/colcon_ros/task/ament_cmake/build.py", line 65, in build
    has_install_target = await has_target(args.build_base, 'install')
  File "/usr/lib/python3/dist-packages/colcon_cmake/task/cmake/__init__.py", line 57, in has_target
    return target in await get_makefile_targets(path)
  File "/usr/lib/python3/dist-packages/colcon_cmake/task/cmake/__init__.py", line 77, in get_makefile_targets
    output = await check_output([
  File "/usr/lib/python3/dist-packages/colcon_core/subprocess.py", line 128, in check_output
    assert not rc, f'Expected {args} to pass: {stderr_data}'
AssertionError: Expected ['/usr/bin/cmake', '--build', '/home/ben/mp3_ros2_ws/src/AprilTag-ROS-2/build/usb_cam', '--target', 'help'] to pass: gmake: *** [Makefile:418: help] Interrupt

