gmake[2]: *** [CMakeFiles/usb_cam.dir/build.make:76: CMakeFiles/usb_cam.dir/src/usb_cam.cpp.o] Interrupt
gmake[2]: *** [gtest/CMakeFiles/gtest.dir/build.make:76: gtest/CMakeFiles/gtest.dir/src/gtest-all.cc.o] Interrupt
gmake[1]: *** [CMakeFiles/Makefile2:163: CMakeFiles/usb_cam.dir/all] Interrupt
gmake[1]: *** [CMakeFiles/Makefile2:297: gtest/CMakeFiles/gtest.dir/all] Interrupt
gmake[2]: *** wait: No child processes.  Stop.
gmake[2]: *** Waiting for unfinished jobs....
gmake[2]: *** wait: No child processes.  Stop.
gmake[1]: *** [CMakeFiles/Makefile2:215: CMakeFiles/usb_cam_node_exe.dir/all] Error 2
gmake: *** [Makefile:146: all] Interrupt
