[0.953s] Invoking command in '/home/ben/mp3_ros2_ws/src/AprilTag-ROS-2/build/usb_cam': CMAKE_PREFIX_PATH=/opt/ros/humble /usr/bin/cmake /home/ben/mp3_ros2_ws/src/AprilTag-ROS-2/usb_cam -DCMAKE_INSTALL_PREFIX=/home/ben/mp3_ros2_ws/src/AprilTag-ROS-2/install/usb_cam
[1.085s] -- The C compiler identification is GNU 11.4.0
[1.240s] -- The CXX compiler identification is GNU 11.4.0
[1.256s] -- Detecting C compiler ABI info
[1.514s] -- Detecting C compiler ABI info - done
[1.529s] -- Check for working C compiler: /usr/bin/cc - skipped
[1.529s] -- Detecting C compile features
[1.529s] -- Detecting C compile features - done
[1.538s] -- Detecting CXX compiler ABI info
[1.730s] -- Detecting CXX compiler ABI info - done
[1.748s] -- Check for working CXX compiler: /usr/bin/c++ - skipped
[1.748s] -- Detecting CXX compile features
[1.748s] -- Detecting CXX compile features - done
[1.759s] -- Found ament_cmake_auto: 1.3.5 (/opt/ros/humble/share/ament_cmake_auto/cmake)
[2.656s] -- Found Python3: /usr/bin/python3.10 (found version "3.10.12") found components: Interpreter 
[3.269s] -- Found rosidl_generator_c: 3.1.5 (/opt/ros/humble/share/rosidl_generator_c/cmake)
[3.295s] -- Found rosidl_adapter: 3.1.5 (/opt/ros/humble/share/rosidl_adapter/cmake)
[3.321s] -- Found rosidl_generator_cpp: 3.1.5 (/opt/ros/humble/share/rosidl_generator_cpp/cmake)
[3.358s] -- Using all available rosidl_typesupport_c: rosidl_typesupport_fastrtps_c;rosidl_typesupport_introspection_c
[3.403s] -- Using all available rosidl_typesupport_cpp: rosidl_typesupport_fastrtps_cpp;rosidl_typesupport_introspection_cpp
[4.254s] -- Found rmw_implementation_cmake: 6.1.1 (/opt/ros/humble/share/rmw_implementation_cmake/cmake)
[4.259s] -- Found rmw_fastrtps_cpp: 6.2.3 (/opt/ros/humble/share/rmw_fastrtps_cpp/cmake)
[4.482s] -- Found OpenSSL: /usr/lib/x86_64-linux-gnu/libcrypto.so (found version "3.0.2")  
[4.541s] -- Found FastRTPS: /opt/ros/humble/include  
[4.629s] -- Using RMW implementation 'rmw_fastrtps_cpp' as default
[4.647s] -- Looking for pthread.h
[4.941s] -- Looking for pthread.h - found
[4.941s] -- Performing Test CMAKE_HAVE_LIBC_PTHREAD
[5.241s] -- Performing Test CMAKE_HAVE_LIBC_PTHREAD - Success
[5.243s] -- Found Threads: TRUE  
[6.333s] -- Found OpenCV: /usr (found version "4.5.4") 
[6.340s] -- Found PkgConfig: /usr/bin/pkg-config (found version "0.29.2") 
[6.343s] -- Checking for module 'libavcodec'
[6.478s] --   Found libavcodec, version 58.134.100
[6.842s] -- Checking for module 'libavutil'
[7.007s] --   Found libavutil, version 56.70.100
[7.411s] -- Checking for module 'libswscale'
[7.520s] --   Found libswscale, version 5.9.100
[7.834s] -- Found ament_lint_auto: 0.12.7 (/opt/ros/humble/share/ament_lint_auto/cmake)
[7.916s] -- Found gtest sources under '/opt/ros/humble/src/gtest_vendor': C++ tests using 'Google Test' will be built
[7.966s] -- Added test 'copyright' to check source files copyright and LICENSE
[7.974s] -- Added test 'cppcheck' to perform static code analysis on C / C++ code
[7.975s] -- Configured cppcheck include dirs: /home/ben/mp3_ros2_ws/src/AprilTag-ROS-2/usb_cam/include
[7.976s] -- Configured cppcheck exclude dirs and/or files: 
[7.987s] -- Added test 'cpplint' to check C / C++ code against the Google style
[7.987s] -- Configured cpplint exclude dirs and/or files: 
[7.989s] -- Added test 'flake8' to check Python code syntax and style conventions
[8.002s] -- Added test 'lint_cmake' to check CMake code style
[8.010s] -- Added test 'pep257' to check Python code against some of the docstring style conventions in PEP 257
[8.014s] -- Added test 'uncrustify' to check C / C++ code style
[8.014s] -- Configured uncrustify additional arguments: 
[8.016s] -- Added test 'xmllint' to check XML markup files
[8.027s] -- Configuring done
[8.182s] -- Generating done
[8.205s] -- Build files have been written to: /home/ben/mp3_ros2_ws/src/AprilTag-ROS-2/build/usb_cam
[8.260s] Invoked command in '/home/ben/mp3_ros2_ws/src/AprilTag-ROS-2/build/usb_cam' returned '0': CMAKE_PREFIX_PATH=/opt/ros/humble /usr/bin/cmake /home/ben/mp3_ros2_ws/src/AprilTag-ROS-2/usb_cam -DCMAKE_INSTALL_PREFIX=/home/ben/mp3_ros2_ws/src/AprilTag-ROS-2/install/usb_cam
[8.261s] Invoking command in '/home/ben/mp3_ros2_ws/src/AprilTag-ROS-2/build/usb_cam': CMAKE_PREFIX_PATH=/opt/ros/humble /usr/bin/cmake --build /home/ben/mp3_ros2_ws/src/AprilTag-ROS-2/build/usb_cam -- -j12 -l12
[8.567s] [  7%] [32mBuilding CXX object CMakeFiles/usb_cam.dir/src/usb_cam.cpp.o[0m
[8.619s] [ 14%] [32mBuilding CXX object CMakeFiles/usb_cam_node_exe.dir/rclcpp_components/node_main_usb_cam_node_exe.cpp.o[0m
[8.682s] [ 28%] [32mBuilding CXX object gtest/CMakeFiles/gtest_main.dir/src/gtest_main.cc.o[0m
[8.687s] [ 28%] [32mBuilding CXX object gtest/CMakeFiles/gtest.dir/src/gtest-all.cc.o[0m
[10.740s] [ 35%] [32m[1mLinking CXX static library libgtest_main.a[0m
[10.849s] [ 35%] Built target gtest_main
[13.327s] gmake[2]: *** [CMakeFiles/usb_cam.dir/build.make:76: CMakeFiles/usb_cam.dir/src/usb_cam.cpp.o] Interrupt
[13.329s] gmake[2]: *** [gtest/CMakeFiles/gtest.dir/build.make:76: gtest/CMakeFiles/gtest.dir/src/gtest-all.cc.o] Interrupt
[13.329s] gmake[1]: *** [CMakeFiles/Makefile2:163: CMakeFiles/usb_cam.dir/all] Interrupt
[13.329s] gmake[1]: *** [CMakeFiles/Makefile2:297: gtest/CMakeFiles/gtest.dir/all] Interrupt
[13.336s] gmake[2]: *** wait: No child processes.  Stop.
[13.336s] gmake[2]: *** Waiting for unfinished jobs....
[13.337s] gmake[2]: *** wait: No child processes.  Stop.
[13.337s] gmake[1]: *** [CMakeFiles/Makefile2:215: CMakeFiles/usb_cam_node_exe.dir/all] Error 2
[13.337s] gmake: *** [Makefile:146: all] Interrupt
