-- The C compiler identification is GNU 11.4.0
-- The CXX compiler identification is GNU 11.4.0
-- Detecting C compiler ABI info
-- Detecting C compiler ABI info - done
-- Check for working C compiler: /usr/bin/cc - skipped
-- Detecting C compile features
-- Detecting C compile features - done
-- Detecting CXX compiler ABI info
-- Detecting CXX compiler ABI info - done
-- Check for working CXX compiler: /usr/bin/c++ - skipped
-- Detecting CXX compile features
-- Detecting CXX compile features - done
-- Setting build type to 'Release' as none was specified.
-- Looking for pthread.h
-- Looking for pthread.h - found
-- Performing Test CMAKE_HAVE_LIBC_PTHREAD
-- Performing Test CMAKE_HAVE_LIBC_PTHREAD - Success
-- Found Threads: TRUE  
-- Found PythonLibs: /usr/lib/x86_64-linux-gnu/libpython3.10.so (found version "3.10.12") 
-- Configuring done
-- Generating done
-- Build files have been written to: /home/ben/mp3_ros2_ws/src/AprilTag-ROS-2/build/apriltag
[  2%] [32mBuilding C object CMakeFiles/apriltag.dir/apriltag_pose.c.o[0m
[  5%] [32mBuilding C object CMakeFiles/apriltag.dir/apriltag_quad_thresh.c.o[0m
[  7%] [32mBuilding C object CMakeFiles/apriltag.dir/common/homography.c.o[0m
[ 10%] [32mBuilding C object CMakeFiles/apriltag.dir/apriltag.c.o[0m
[ 12%] [32mBuilding C object CMakeFiles/apriltag.dir/common/getopt.c.o[0m
[ 15%] [32mBuilding C object CMakeFiles/apriltag.dir/common/image_u8x3.c.o[0m
[ 17%] [32mBuilding C object CMakeFiles/apriltag.dir/common/image_u8.c.o[0m
[ 20%] [32mBuilding C object CMakeFiles/apriltag.dir/common/g2d.c.o[0m
[ 22%] [32mBuilding C object CMakeFiles/apriltag.dir/common/image_u8x4.c.o[0m
[ 25%] [32mBuilding C object CMakeFiles/apriltag.dir/common/matd.c.o[0m
[ 27%] [32mBuilding C object CMakeFiles/apriltag.dir/common/pjpeg-idct.c.o[0m
[ 30%] [32mBuilding C object CMakeFiles/apriltag.dir/common/pam.c.o[0m
[ 32%] [32mBuilding C object CMakeFiles/apriltag.dir/common/pjpeg.c.o[0m
[ 35%] [32mBuilding C object CMakeFiles/apriltag.dir/common/svd22.c.o[0m
[ 37%] [32mBuilding C object CMakeFiles/apriltag.dir/common/string_util.c.o[0m
[ 40%] [32mBuilding C object CMakeFiles/apriltag.dir/common/pnm.c.o[0m
[ 42%] [32mBuilding C object CMakeFiles/apriltag.dir/common/time_util.c.o[0m
[ 45%] [32mBuilding C object CMakeFiles/apriltag.dir/common/workerpool.c.o[0m
[ 47%] [32mBuilding C object CMakeFiles/apriltag.dir/common/unionfind.c.o[0m
[ 50%] [32mBuilding C object CMakeFiles/apriltag.dir/common/zarray.c.o[0m
[ 52%] [32mBuilding C object CMakeFiles/apriltag.dir/common/zhash.c.o[0m
[ 55%] [32mBuilding C object CMakeFiles/apriltag.dir/common/zmaxheap.c.o[0m
[ 57%] [32mBuilding C object CMakeFiles/apriltag.dir/tag16h5.c.o[0m
[ 60%] [32mBuilding C object CMakeFiles/apriltag.dir/tag25h9.c.o[0m
[ 62%] [32mBuilding C object CMakeFiles/apriltag.dir/tag36h10.c.o[0m
[ 65%] [32mBuilding C object CMakeFiles/apriltag.dir/tag36h11.c.o[0m
[ 67%] [32mBuilding C object CMakeFiles/apriltag.dir/tagCircle21h7.c.o[0m
[ 70%] [32mBuilding C object CMakeFiles/apriltag.dir/tagCircle49h12.c.o[0m
[ 72%] [32mBuilding C object CMakeFiles/apriltag.dir/tagCustom48h12.c.o[0m
[ 75%] [32mBuilding C object CMakeFiles/apriltag.dir/tagStandard41h12.c.o[0m
[ 77%] [32mBuilding C object CMakeFiles/apriltag.dir/tagStandard52h13.c.o[0m
[ 80%] [32m[1mLinking C shared library libapriltag.so[0m
[ 80%] Built target apriltag
[ 82%] [34m[1mGenerating apriltag_detect.docstring.h[0m
[ 90%] [34m[1mGenerating apriltag_py_type.docstring.h[0m
[ 85%] [32mBuilding C object CMakeFiles/apriltag_demo.dir/example/apriltag_demo.c.o[0m
[ 87%] [32mBuilding CXX object CMakeFiles/opencv_demo.dir/example/opencv_demo.cc.o[0m
[ 92%] [34m[1mGenerating apriltag_pywrap.o[0m
[ 95%] [32m[1mLinking C executable apriltag_demo[0m
[ 97%] [34m[1mGenerating apriltag.cpython-310-x86_64-linux-gnu.so[0m
[ 97%] Built target apriltag_python
[ 97%] Built target apriltag_demo
[100%] [32m[1mLinking CXX executable opencv_demo[0m
[100%] Built target opencv_demo
Traceback (most recent call last):
  File "/usr/lib/python3/dist-packages/colcon_parallel_executor/executor/parallel.py", line 67, in execute
    loop.run_until_complete(future)
  File "/usr/lib/python3.10/asyncio/base_events.py", line 636, in run_until_complete
    self.run_forever()
  File "/usr/lib/python3.10/asyncio/base_events.py", line 603, in run_forever
    self._run_once()
  File "/usr/lib/python3.10/asyncio/base_events.py", line 1871, in _run_once
    event_list = self._selector.select(timeout)
  File "/usr/lib/python3.10/selectors.py", line 469, in select
    fd_event_list = self._selector.poll(timeout, max_ev)
KeyboardInterrupt

During handling of the above exception, another exception occurred:

Traceback (most recent call last):
  File "/usr/lib/python3/dist-packages/colcon_core/executor/__init__.py", line 91, in __call__
    rc = await self.task(*args, **kwargs)
  File "/usr/lib/python3/dist-packages/colcon_core/task/__init__.py", line 93, in __call__
    return await task_method(*args, **kwargs)
  File "/usr/lib/python3/dist-packages/colcon_ros/task/cmake/build.py", line 35, in build
    rc = await extension.build(
  File "/usr/lib/python3/dist-packages/colcon_cmake/task/cmake/build.py", line 110, in build
    if await has_target(args.build_base, 'install'):
  File "/usr/lib/python3/dist-packages/colcon_cmake/task/cmake/__init__.py", line 57, in has_target
    return target in await get_makefile_targets(path)
  File "/usr/lib/python3/dist-packages/colcon_cmake/task/cmake/__init__.py", line 77, in get_makefile_targets
    output = await check_output([
  File "/usr/lib/python3/dist-packages/colcon_core/subprocess.py", line 128, in check_output
    assert not rc, f'Expected {args} to pass: {stderr_data}'
AssertionError: Expected ['/usr/bin/cmake', '--build', '/home/ben/mp3_ros2_ws/src/AprilTag-ROS-2/build/apriltag', '--target', 'help'] to pass: gmake: *** [Makefile:1013: help] Interrupt

